;  LST file generated by mikroListExporter - v.2.0 
; Date/Time: 11/05/2023 07:53:18 p. m.
;----------------------------------------------

;Address Opcode 	ASM
0x0000	0x28FA      	GOTO       250
_UART1_Write:
;__Lib_UART_c67.c,39 :: 		
;__Lib_UART_c67.c,40 :: 		
L_UART1_Write3:
0x0003	0x1683      	BSF        STATUS, 5
0x0004	0x1303      	BCF        STATUS, 6
0x0005	0x1898      	BTFSC      TXSTA, 1
0x0006	0x2809      	GOTO       L_UART1_Write4
;__Lib_UART_c67.c,41 :: 		
0x0007	0x0000      	NOP
0x0008	0x2803      	GOTO       L_UART1_Write3
L_UART1_Write4:
;__Lib_UART_c67.c,42 :: 		
0x0009	0x1283      	BCF        STATUS, 5
0x000A	0x082D      	MOVF       FARG_UART1_Write_data_, 0
0x000B	0x0099      	MOVWF      TXREG
;__Lib_UART_c67.c,43 :: 		
L_end_UART1_Write:
0x000C	0x0008      	RETURN
; end of _UART1_Write
_calcula_checksum:
;mp3_chino.c,81 :: 		void calcula_checksum(){
;mp3_chino.c,82 :: 		checksum=0;
0x000D	0x1283      	BCF        STATUS, 5
0x000E	0x1303      	BCF        STATUS, 6
0x000F	0x01A2      	CLRF       _checksum
0x0010	0x01A3      	CLRF       _checksum+1
;mp3_chino.c,83 :: 		checksum=version+largo+comando+eco+hi(parametro)+lo(parametro);
0x0011	0x0824      	MOVF       _comando, 0
0x0012	0x3E05      	ADDLW      5
0x0013	0x00F0      	MOVWF      R0
0x0014	0x3001      	MOVLW      1
0x0015	0x1803      	BTFSC      STATUS, 0
0x0016	0x3E01      	ADDLW      1
0x0017	0x00F1      	MOVWF      R0+1
0x0018	0x0821      	MOVF       _parametro+1, 0
0x0019	0x07F0      	ADDWF      R0, 1
0x001A	0x1803      	BTFSC      STATUS, 0
0x001B	0x0AF1      	INCF       R0+1, 1
0x001C	0x0820      	MOVF       _parametro, 0
0x001D	0x07F0      	ADDWF      R0, 1
0x001E	0x1803      	BTFSC      STATUS, 0
0x001F	0x0AF1      	INCF       R0+1, 1
0x0020	0x0870      	MOVF       R0, 0
0x0021	0x00A2      	MOVWF      _checksum
0x0022	0x0871      	MOVF       R0+1, 0
0x0023	0x00A3      	MOVWF      _checksum+1
;mp3_chino.c,84 :: 		checksum=-checksum;
0x0024	0x0870      	MOVF       R0, 0
0x0025	0x3C00      	SUBLW      0
0x0026	0x00A2      	MOVWF      _checksum
0x0027	0x0871      	MOVF       R0+1, 0
0x0028	0x1C03      	BTFSS      STATUS, 0
0x0029	0x3E01      	ADDLW      1
0x002A	0x01A3      	CLRF       _checksum+1
0x002B	0x02A3      	SUBWF      _checksum+1, 1
;mp3_chino.c,85 :: 		}
L_end_calcula_checksum:
0x002C	0x0008      	RETURN
; end of _calcula_checksum
_Delay_500us:
;__Lib_Delays.c,27 :: 		void Delay_500us() {
;__Lib_Delays.c,28 :: 		Delay_us(498);
0x002D	0x30A5      	MOVLW      165
0x002E	0x1283      	BCF        STATUS, 5
0x002F	0x1303      	BCF        STATUS, 6
0x0030	0x00FD      	MOVWF      R13
L_Delay_500us4:
0x0031	0x0BFD      	DECFSZ     R13, 1
0x0032	0x2831      	GOTO       L_Delay_500us4
0x0033	0x0000      	NOP
0x0034	0x0000      	NOP
;__Lib_Delays.c,29 :: 		}
L_end_Delay_500us:
0x0035	0x0008      	RETURN
; end of _Delay_500us
_UART1_Init:
;__Lib_UART_c67.c,2 :: 		
;__Lib_UART_c67.c,5 :: 		
0x0036	0x1683      	BSF        STATUS, 5
0x0037	0x1303      	BCF        STATUS, 6
0x0038	0x1698      	BSF        TXSTA, 5
;__Lib_UART_c67.c,6 :: 		
0x0039	0x3090      	MOVLW      144
0x003A	0x1283      	BCF        STATUS, 5
0x003B	0x0098      	MOVWF      RCSTA
;__Lib_UART_c67.c,7 :: 		
0x003C	0x1683      	BSF        STATUS, 5
0x003D	0x1787      	BSF        TRISC7_bit, BitPos(TRISC7_bit+0)
;__Lib_UART_c67.c,8 :: 		
0x003E	0x1307      	BCF        TRISC6_bit, BitPos(TRISC6_bit+0)
;__Lib_UART_c67.c,10 :: 		
L_UART1_Init0:
0x003F	0x1283      	BCF        STATUS, 5
0x0040	0x1E8C      	BTFSS      PIR1, 5
0x0041	0x2845      	GOTO       L_UART1_Init1
;__Lib_UART_c67.c,11 :: 		
0x0042	0x081A      	MOVF       RCREG, 0
0x0043	0x00F0      	MOVWF      R0
0x0044	0x283F      	GOTO       L_UART1_Init0
L_UART1_Init1:
;__Lib_UART_c67.c,12 :: 		
L_end_UART1_Init:
0x0045	0x0008      	RETURN
; end of _UART1_Init
_manda_mp3:
;mp3_chino.c,88 :: 		void manda_mp3(){
;mp3_chino.c,89 :: 		UART1_Write(inicio);
0x0046	0x307E      	MOVLW      126
0x0047	0x1283      	BCF        STATUS, 5
0x0048	0x1303      	BCF        STATUS, 6
0x0049	0x00AD      	MOVWF      FARG_UART1_Write_data_
0x004A	0x2003      	CALL       _UART1_Write
;mp3_chino.c,90 :: 		UART1_Write(version);
0x004B	0x30FF      	MOVLW      255
0x004C	0x00AD      	MOVWF      FARG_UART1_Write_data_
0x004D	0x2003      	CALL       _UART1_Write
;mp3_chino.c,91 :: 		UART1_Write(largo);
0x004E	0x3006      	MOVLW      6
0x004F	0x00AD      	MOVWF      FARG_UART1_Write_data_
0x0050	0x2003      	CALL       _UART1_Write
;mp3_chino.c,92 :: 		UART1_Write(comando);
0x0051	0x0824      	MOVF       _comando, 0
0x0052	0x00AD      	MOVWF      FARG_UART1_Write_data_
0x0053	0x2003      	CALL       _UART1_Write
;mp3_chino.c,93 :: 		UART1_Write(eco);
0x0054	0x01AD      	CLRF       FARG_UART1_Write_data_
0x0055	0x2003      	CALL       _UART1_Write
;mp3_chino.c,94 :: 		UART1_Write(hi(parametro));
0x0056	0x0821      	MOVF       _parametro+1, 0
0x0057	0x00AD      	MOVWF      FARG_UART1_Write_data_
0x0058	0x2003      	CALL       _UART1_Write
;mp3_chino.c,95 :: 		UART1_Write(lo(parametro));
0x0059	0x0820      	MOVF       _parametro, 0
0x005A	0x00AD      	MOVWF      FARG_UART1_Write_data_
0x005B	0x2003      	CALL       _UART1_Write
;mp3_chino.c,96 :: 		UART1_Write(hi(checksum));
0x005C	0x0823      	MOVF       _checksum+1, 0
0x005D	0x00AD      	MOVWF      FARG_UART1_Write_data_
0x005E	0x2003      	CALL       _UART1_Write
;mp3_chino.c,97 :: 		UART1_Write(lo(checksum));
0x005F	0x0822      	MOVF       _checksum, 0
0x0060	0x00AD      	MOVWF      FARG_UART1_Write_data_
0x0061	0x2003      	CALL       _UART1_Write
;mp3_chino.c,98 :: 		UART1_Write(fin);
0x0062	0x30EF      	MOVLW      239
0x0063	0x00AD      	MOVWF      FARG_UART1_Write_data_
0x0064	0x2003      	CALL       _UART1_Write
;mp3_chino.c,99 :: 		parametro=0;
0x0065	0x01A0      	CLRF       _parametro
0x0066	0x01A1      	CLRF       _parametro+1
;mp3_chino.c,100 :: 		Delay_ms(100);
0x0067	0x3082      	MOVLW      130
0x0068	0x00FC      	MOVWF      R12
0x0069	0x30DD      	MOVLW      221
0x006A	0x00FD      	MOVWF      R13
L_manda_mp31:
0x006B	0x0BFD      	DECFSZ     R13, 1
0x006C	0x286B      	GOTO       L_manda_mp31
0x006D	0x0BFC      	DECFSZ     R12, 1
0x006E	0x286B      	GOTO       L_manda_mp31
0x006F	0x0000      	NOP
0x0070	0x0000      	NOP
;mp3_chino.c,101 :: 		}
L_end_manda_mp3:
0x0071	0x0008      	RETURN
; end of _manda_mp3
_____DoICP:
;__Lib_System.c,6 :: 		
;__Lib_System.c,9 :: 		
0x0072	0x1283      	BCF        STATUS, 5
0x0073	0x1303      	BCF        STATUS, 6
0x0074	0x0826      	MOVF       ___DoICPAddr+1, 0
0x0075	0x008A      	MOVWF      PCLATH
;__Lib_System.c,10 :: 		
0x0076	0x0825      	MOVF       ___DoICPAddr, 0
0x0077	0x0082      	MOVWF      PCL
;__Lib_System.c,12 :: 		
L_end_____DoICP:
0x0078	0x0008      	RETURN
; end of _____DoICP
_mp3_volumen_x:
;mp3_chino.c,134 :: 		void mp3_volumen_x(unsigned char vol){
;mp3_chino.c,135 :: 		comando=volumen;
0x0079	0x3006      	MOVLW      6
0x007A	0x1283      	BCF        STATUS, 5
0x007B	0x1303      	BCF        STATUS, 6
0x007C	0x00A4      	MOVWF      _comando
;mp3_chino.c,136 :: 		parametro=vol;
0x007D	0x0827      	MOVF       FARG_mp3_volumen_x_vol, 0
0x007E	0x00A0      	MOVWF      _parametro
0x007F	0x01A1      	CLRF       _parametro+1
;mp3_chino.c,137 :: 		calcula_checksum();
0x0080	0x200D      	CALL       _calcula_checksum
;mp3_chino.c,138 :: 		manda_mp3();
0x0081	0x2046      	CALL       _manda_mp3
;mp3_chino.c,139 :: 		}
L_end_mp3_volumen_x:
0x0082	0x0008      	RETURN
; end of _mp3_volumen_x
_mp3_play_x:
;mp3_chino.c,115 :: 		void mp3_play_x(unsigned int cancion){
;mp3_chino.c,116 :: 		comando=archivo;
0x0083	0x3003      	MOVLW      3
0x0084	0x1283      	BCF        STATUS, 5
0x0085	0x1303      	BCF        STATUS, 6
0x0086	0x00A4      	MOVWF      _comando
;mp3_chino.c,117 :: 		parametro=cancion;
0x0087	0x0827      	MOVF       FARG_mp3_play_x_cancion, 0
0x0088	0x00A0      	MOVWF      _parametro
0x0089	0x0828      	MOVF       FARG_mp3_play_x_cancion+1, 0
0x008A	0x00A1      	MOVWF      _parametro+1
;mp3_chino.c,118 :: 		calcula_checksum();
0x008B	0x200D      	CALL       _calcula_checksum
;mp3_chino.c,119 :: 		manda_mp3();
0x008C	0x2046      	CALL       _manda_mp3
;mp3_chino.c,120 :: 		}
L_end_mp3_play_x:
0x008D	0x0008      	RETURN
; end of _mp3_play_x
_mp3_single_repeat:
;mp3_chino.c,148 :: 		void mp3_single_repeat(unsigned int status){
;mp3_chino.c,149 :: 		comando=repetir_cancion;
0x008E	0x3019      	MOVLW      25
0x008F	0x1283      	BCF        STATUS, 5
0x0090	0x1303      	BCF        STATUS, 6
0x0091	0x00A4      	MOVWF      _comando
;mp3_chino.c,150 :: 		parametro=status;
0x0092	0x0827      	MOVF       FARG_mp3_single_repeat_status, 0
0x0093	0x00A0      	MOVWF      _parametro
0x0094	0x0828      	MOVF       FARG_mp3_single_repeat_status+1, 0
0x0095	0x00A1      	MOVWF      _parametro+1
;mp3_chino.c,151 :: 		calcula_checksum();
0x0096	0x200D      	CALL       _calcula_checksum
;mp3_chino.c,152 :: 		manda_mp3();
0x0097	0x2046      	CALL       _manda_mp3
;mp3_chino.c,153 :: 		}
L_end_mp3_single_repeat:
0x0098	0x0008      	RETURN
; end of _mp3_single_repeat
___CC2DW:
;__Lib_System.c,134 :: 		
;__Lib_System.c,137 :: 		
_CC2D_Loop1:
;__Lib_System.c,139 :: 		
0x0099	0x2072      	CALL       _____DoICP
0x009A	0x118A      	BCF        PCLATH, 3
0x009B	0x120A      	BCF        PCLATH, 4
;__Lib_System.c,141 :: 		
0x009C	0x0080      	MOVWF      INDF
;__Lib_System.c,142 :: 		
0x009D	0x0A84      	INCF       FSR, 1
;__Lib_System.c,143 :: 		
0x009E	0x0AA5      	INCF       ___DoICPAddr, 1
;__Lib_System.c,145 :: 		
0x009F	0x1903      	BTFSC      STATUS, 2
;__Lib_System.c,146 :: 		
0x00A0	0x0AA6      	INCF       ___DoICPAddr+1, 1
;__Lib_System.c,147 :: 		
0x00A1	0x03F0      	DECF       R0, 1
;__Lib_System.c,149 :: 		
0x00A2	0x1D03      	BTFSS      STATUS, 2
;__Lib_System.c,150 :: 		
0x00A3	0x2899      	GOTO       _CC2D_Loop1
;__Lib_System.c,152 :: 		
L_end___CC2DW:
0x00A4	0x0008      	RETURN
; end of ___CC2DW
_Button:
;__Lib_Button.c,6 :: 		
;__Lib_Button.c,8 :: 		
0x00A5	0x1283      	BCF        STATUS, 5
0x00A6	0x1303      	BCF        STATUS, 6
0x00A7	0x01AC      	CLRF       Button_rslt_L0
;__Lib_Button.c,11 :: 		
0x00A8	0x0828      	MOVF       FARG_Button_pin, 0
0x00A9	0x00F1      	MOVWF      R1
0x00AA	0x3001      	MOVLW      1
0x00AB	0x00F0      	MOVWF      R0
0x00AC	0x0871      	MOVF       R1, 0
L__Button5:
0x00AD	0x1903      	BTFSC      STATUS, 2
0x00AE	0x28B3      	GOTO       L__Button6
0x00AF	0x0DF0      	RLF        R0, 1
0x00B0	0x1070      	BCF        R0, 0
0x00B1	0x3EFF      	ADDLW      255
0x00B2	0x28AD      	GOTO       L__Button5
L__Button6:
0x00B3	0x0870      	MOVF       R0, 0
0x00B4	0x00AB      	MOVWF      Button_pMask_L0
;__Lib_Button.c,13 :: 		
0x00B5	0x0827      	MOVF       FARG_Button_port, 0
0x00B6	0x0084      	MOVWF      FSR
0x00B7	0x0870      	MOVF       R0, 0
0x00B8	0x0500      	ANDWF      INDF, 0
0x00B9	0x00F1      	MOVWF      R1
0x00BA	0x0871      	MOVF       R1, 0
0x00BB	0x3001      	MOVLW      1
0x00BC	0x1D03      	BTFSS      STATUS, 2
0x00BD	0x3000      	MOVLW      0
0x00BE	0x00F0      	MOVWF      R0
0x00BF	0x082A      	MOVF       FARG_Button_active_state, 0
0x00C0	0x06F0      	XORWF      R0, 1
0x00C1	0x1903      	BTFSC      STATUS, 2
0x00C2	0x28DB      	GOTO       L_Button0
;__Lib_Button.c,15 :: 		
L_Button1:
0x00C3	0x0829      	MOVF       FARG_Button_time_ms, 0
0x00C4	0x3C00      	SUBLW      0
0x00C5	0x1803      	BTFSC      STATUS, 0
0x00C6	0x28CB      	GOTO       L_Button2
;__Lib_Button.c,16 :: 		
0x00C7	0x202D      	CALL       _Delay_500us
;__Lib_Button.c,17 :: 		
0x00C8	0x202D      	CALL       _Delay_500us
;__Lib_Button.c,18 :: 		
0x00C9	0x03A9      	DECF       FARG_Button_time_ms, 1
;__Lib_Button.c,19 :: 		
0x00CA	0x28C3      	GOTO       L_Button1
L_Button2:
;__Lib_Button.c,21 :: 		
0x00CB	0x0827      	MOVF       FARG_Button_port, 0
0x00CC	0x0084      	MOVWF      FSR
0x00CD	0x082B      	MOVF       Button_pMask_L0, 0
0x00CE	0x0500      	ANDWF      INDF, 0
0x00CF	0x00F1      	MOVWF      R1
0x00D0	0x0871      	MOVF       R1, 0
0x00D1	0x3001      	MOVLW      1
0x00D2	0x1D03      	BTFSS      STATUS, 2
0x00D3	0x3000      	MOVLW      0
0x00D4	0x00F0      	MOVWF      R0
0x00D5	0x082A      	MOVF       FARG_Button_active_state, 0
0x00D6	0x06F0      	XORWF      R0, 1
0x00D7	0x1903      	BTFSC      STATUS, 2
0x00D8	0x28DB      	GOTO       L_Button3
;__Lib_Button.c,22 :: 		
0x00D9	0x30FF      	MOVLW      255
0x00DA	0x00AC      	MOVWF      Button_rslt_L0
L_Button3:
;__Lib_Button.c,23 :: 		
L_Button0:
;__Lib_Button.c,25 :: 		
0x00DB	0x082C      	MOVF       Button_rslt_L0, 0
0x00DC	0x00F0      	MOVWF      R0
;__Lib_Button.c,26 :: 		
L_end_Button:
0x00DD	0x0008      	RETURN
; end of _Button
_mp3_stop:
;mp3_chino.c,217 :: 		void mp3_stop(){
;mp3_chino.c,218 :: 		comando = stop;
0x00DE	0x3016      	MOVLW      22
0x00DF	0x1283      	BCF        STATUS, 5
0x00E0	0x1303      	BCF        STATUS, 6
0x00E1	0x00A4      	MOVWF      _comando
;mp3_chino.c,219 :: 		calcula_checksum();
0x00E2	0x200D      	CALL       _calcula_checksum
;mp3_chino.c,220 :: 		manda_mp3();
0x00E3	0x2046      	CALL       _manda_mp3
;mp3_chino.c,221 :: 		}
L_end_mp3_stop:
0x00E4	0x0008      	RETURN
; end of _mp3_stop
_init_mp3:
;mp3_chino.c,76 :: 		void init_mp3(){
;mp3_chino.c,77 :: 		UART1_Init(9600);
0x00E5	0x3019      	MOVLW      25
0x00E6	0x1683      	BSF        STATUS, 5
0x00E7	0x1303      	BCF        STATUS, 6
0x00E8	0x0099      	MOVWF      SPBRG
0x00E9	0x1518      	BSF        TXSTA, 2
0x00EA	0x2036      	CALL       _UART1_Init
;mp3_chino.c,78 :: 		Delay_ms(1000);
0x00EB	0x3006      	MOVLW      6
0x00EC	0x00FB      	MOVWF      R11
0x00ED	0x3013      	MOVLW      19
0x00EE	0x00FC      	MOVWF      R12
0x00EF	0x30AD      	MOVLW      173
0x00F0	0x00FD      	MOVWF      R13
L_init_mp30:
0x00F1	0x0BFD      	DECFSZ     R13, 1
0x00F2	0x28F1      	GOTO       L_init_mp30
0x00F3	0x0BFC      	DECFSZ     R12, 1
0x00F4	0x28F1      	GOTO       L_init_mp30
0x00F5	0x0BFB      	DECFSZ     R11, 1
0x00F6	0x28F1      	GOTO       L_init_mp30
0x00F7	0x0000      	NOP
0x00F8	0x0000      	NOP
;mp3_chino.c,79 :: 		}
L_end_init_mp3:
0x00F9	0x0008      	RETURN
; end of _init_mp3
_main:
0x00FA	0x219E      	CALL       414
;AndonP5.c,21 :: 		void main(){
;AndonP5.c,24 :: 		NOT_RBPU_BIT = 0;
0x00FB	0x1683      	BSF        STATUS, 5
0x00FC	0x1303      	BCF        STATUS, 6
0x00FD	0x1381      	BCF        NOT_RBPU_bit, BitPos(NOT_RBPU_bit+0)
;AndonP5.c,26 :: 		TRISB = 0b00001111;
0x00FE	0x300F      	MOVLW      15
0x00FF	0x0086      	MOVWF      TRISB
;AndonP5.c,28 :: 		PORTB = 0b11110000;
0x0100	0x30F0      	MOVLW      240
0x0101	0x1283      	BCF        STATUS, 5
0x0102	0x0086      	MOVWF      PORTB
;AndonP5.c,30 :: 		TRISC6_bit = 0;
0x0103	0x1683      	BSF        STATUS, 5
0x0104	0x1307      	BCF        TRISC6_bit, BitPos(TRISC6_bit+0)
;AndonP5.c,34 :: 		init_mp3();
0x0105	0x20E5      	CALL       _init_mp3
;AndonP5.c,35 :: 		mp3_stop();
0x0106	0x20DE      	CALL       _mp3_stop
;AndonP5.c,38 :: 		mp3_volumen_x(10);
0x0107	0x300A      	MOVLW      10
0x0108	0x00A7      	MOVWF      FARG_mp3_volumen_x_vol
0x0109	0x2079      	CALL       _mp3_volumen_x
;AndonP5.c,40 :: 		while(1){
L_main0:
;AndonP5.c,43 :: 		if(Button(&PORTB, RB0, 100, 0)){
0x010A	0x3006      	MOVLW      PORTB
0x010B	0x00A7      	MOVWF      FARG_Button_port
0x010C	0x01A8      	CLRF       FARG_Button_pin
0x010D	0x3064      	MOVLW      100
0x010E	0x00A9      	MOVWF      FARG_Button_time_ms
0x010F	0x01AA      	CLRF       FARG_Button_active_state
0x0110	0x20A5      	CALL       _Button
0x0111	0x0870      	MOVF       R0, 0
0x0112	0x1903      	BTFSC      STATUS, 2
0x0113	0x292C      	GOTO       L_main2
;AndonP5.c,45 :: 		if((PORTB & 0b11100000) == 0b11100000){
0x0114	0x30E0      	MOVLW      224
0x0115	0x0506      	ANDWF      PORTB, 0
0x0116	0x00F1      	MOVWF      R1
0x0117	0x0871      	MOVF       R1, 0
0x0118	0x3AE0      	XORLW      224
0x0119	0x1D03      	BTFSS      STATUS, 2
0x011A	0x2929      	GOTO       L_main3
;AndonP5.c,48 :: 		LED_rojo = ~LED_rojo;
0x011B	0x3010      	MOVLW      16
0x011C	0x0686      	XORWF      RB4_bit, 1
;AndonP5.c,51 :: 		if(!LED_rojo){
0x011D	0x1A06      	BTFSC      RB4_bit, BitPos(RB4_bit+0)
0x011E	0x2928      	GOTO       L_main4
;AndonP5.c,53 :: 		mp3_play_x(1);
0x011F	0x3001      	MOVLW      1
0x0120	0x00A7      	MOVWF      FARG_mp3_play_x_cancion
0x0121	0x3000      	MOVLW      0
0x0122	0x00A8      	MOVWF      FARG_mp3_play_x_cancion+1
0x0123	0x2083      	CALL       _mp3_play_x
;AndonP5.c,55 :: 		mp3_single_repeat(0);
0x0124	0x01A7      	CLRF       FARG_mp3_single_repeat_status
0x0125	0x01A8      	CLRF       FARG_mp3_single_repeat_status+1
0x0126	0x208E      	CALL       _mp3_single_repeat
;AndonP5.c,56 :: 		}
0x0127	0x2929      	GOTO       L_main5
L_main4:
;AndonP5.c,61 :: 		mp3_stop();
0x0128	0x20DE      	CALL       _mp3_stop
;AndonP5.c,62 :: 		}
L_main5:
;AndonP5.c,63 :: 		}
L_main3:
;AndonP5.c,65 :: 		while(BTN_rojo == 0);
L_main6:
0x0129	0x1806      	BTFSC      RB0_bit, BitPos(RB0_bit+0)
0x012A	0x292C      	GOTO       L_main7
0x012B	0x2929      	GOTO       L_main6
L_main7:
;AndonP5.c,66 :: 		}
L_main2:
;AndonP5.c,67 :: 		if(Button(&PORTB, RB1, 100, 0)){
0x012C	0x3006      	MOVLW      PORTB
0x012D	0x00A7      	MOVWF      FARG_Button_port
0x012E	0x3001      	MOVLW      1
0x012F	0x00A8      	MOVWF      FARG_Button_pin
0x0130	0x3064      	MOVLW      100
0x0131	0x00A9      	MOVWF      FARG_Button_time_ms
0x0132	0x01AA      	CLRF       FARG_Button_active_state
0x0133	0x20A5      	CALL       _Button
0x0134	0x0870      	MOVF       R0, 0
0x0135	0x1903      	BTFSC      STATUS, 2
0x0136	0x294F      	GOTO       L_main8
;AndonP5.c,68 :: 		if((PORTB & 0b11010000) == 0b11010000){
0x0137	0x30D0      	MOVLW      208
0x0138	0x0506      	ANDWF      PORTB, 0
0x0139	0x00F1      	MOVWF      R1
0x013A	0x0871      	MOVF       R1, 0
0x013B	0x3AD0      	XORLW      208
0x013C	0x1D03      	BTFSS      STATUS, 2
0x013D	0x294C      	GOTO       L_main9
;AndonP5.c,69 :: 		LED_amarillo = ~LED_amarillo;
0x013E	0x3020      	MOVLW      32
0x013F	0x0686      	XORWF      RB5_bit, 1
;AndonP5.c,70 :: 		if(!LED_amarillo){
0x0140	0x1A86      	BTFSC      RB5_bit, BitPos(RB5_bit+0)
0x0141	0x294B      	GOTO       L_main10
;AndonP5.c,71 :: 		mp3_play_x(2);
0x0142	0x3002      	MOVLW      2
0x0143	0x00A7      	MOVWF      FARG_mp3_play_x_cancion
0x0144	0x3000      	MOVLW      0
0x0145	0x00A8      	MOVWF      FARG_mp3_play_x_cancion+1
0x0146	0x2083      	CALL       _mp3_play_x
;AndonP5.c,72 :: 		mp3_single_repeat(0);
0x0147	0x01A7      	CLRF       FARG_mp3_single_repeat_status
0x0148	0x01A8      	CLRF       FARG_mp3_single_repeat_status+1
0x0149	0x208E      	CALL       _mp3_single_repeat
;AndonP5.c,73 :: 		}
0x014A	0x294C      	GOTO       L_main11
L_main10:
;AndonP5.c,75 :: 		mp3_stop();
0x014B	0x20DE      	CALL       _mp3_stop
L_main11:
;AndonP5.c,76 :: 		}
L_main9:
;AndonP5.c,77 :: 		while(BTN_amarillo == 0);
L_main12:
0x014C	0x1886      	BTFSC      RB1_bit, BitPos(RB1_bit+0)
0x014D	0x294F      	GOTO       L_main13
0x014E	0x294C      	GOTO       L_main12
L_main13:
;AndonP5.c,78 :: 		}
L_main8:
;AndonP5.c,79 :: 		if(Button(&PORTB, RB2, 100, 0)){
0x014F	0x3006      	MOVLW      PORTB
0x0150	0x00A7      	MOVWF      FARG_Button_port
0x0151	0x3002      	MOVLW      2
0x0152	0x00A8      	MOVWF      FARG_Button_pin
0x0153	0x3064      	MOVLW      100
0x0154	0x00A9      	MOVWF      FARG_Button_time_ms
0x0155	0x01AA      	CLRF       FARG_Button_active_state
0x0156	0x20A5      	CALL       _Button
0x0157	0x0870      	MOVF       R0, 0
0x0158	0x1903      	BTFSC      STATUS, 2
0x0159	0x2972      	GOTO       L_main14
;AndonP5.c,80 :: 		if((PORTB & 0b10110000) == 0b10110000){
0x015A	0x30B0      	MOVLW      176
0x015B	0x0506      	ANDWF      PORTB, 0
0x015C	0x00F1      	MOVWF      R1
0x015D	0x0871      	MOVF       R1, 0
0x015E	0x3AB0      	XORLW      176
0x015F	0x1D03      	BTFSS      STATUS, 2
0x0160	0x296F      	GOTO       L_main15
;AndonP5.c,81 :: 		LED_azul = ~LED_azul;
0x0161	0x3040      	MOVLW      64
0x0162	0x0686      	XORWF      RB6_bit, 1
;AndonP5.c,82 :: 		if(!LED_azul){
0x0163	0x1B06      	BTFSC      RB6_bit, BitPos(RB6_bit+0)
0x0164	0x296E      	GOTO       L_main16
;AndonP5.c,83 :: 		mp3_play_x(3);
0x0165	0x3003      	MOVLW      3
0x0166	0x00A7      	MOVWF      FARG_mp3_play_x_cancion
0x0167	0x3000      	MOVLW      0
0x0168	0x00A8      	MOVWF      FARG_mp3_play_x_cancion+1
0x0169	0x2083      	CALL       _mp3_play_x
;AndonP5.c,84 :: 		mp3_single_repeat(0);
0x016A	0x01A7      	CLRF       FARG_mp3_single_repeat_status
0x016B	0x01A8      	CLRF       FARG_mp3_single_repeat_status+1
0x016C	0x208E      	CALL       _mp3_single_repeat
;AndonP5.c,85 :: 		}
0x016D	0x296F      	GOTO       L_main17
L_main16:
;AndonP5.c,87 :: 		mp3_stop();
0x016E	0x20DE      	CALL       _mp3_stop
L_main17:
;AndonP5.c,88 :: 		}
L_main15:
;AndonP5.c,89 :: 		while(BTN_azul == 0);
L_main18:
0x016F	0x1906      	BTFSC      RB2_bit, BitPos(RB2_bit+0)
0x0170	0x2972      	GOTO       L_main19
0x0171	0x296F      	GOTO       L_main18
L_main19:
;AndonP5.c,90 :: 		}
L_main14:
;AndonP5.c,91 :: 		if(Button(&PORTB, RB3, 100, 0)){
0x0172	0x3006      	MOVLW      PORTB
0x0173	0x00A7      	MOVWF      FARG_Button_port
0x0174	0x3003      	MOVLW      3
0x0175	0x00A8      	MOVWF      FARG_Button_pin
0x0176	0x3064      	MOVLW      100
0x0177	0x00A9      	MOVWF      FARG_Button_time_ms
0x0178	0x01AA      	CLRF       FARG_Button_active_state
0x0179	0x20A5      	CALL       _Button
0x017A	0x0870      	MOVF       R0, 0
0x017B	0x1903      	BTFSC      STATUS, 2
0x017C	0x2995      	GOTO       L_main20
;AndonP5.c,92 :: 		if((PORTB & 0b01110000) == 0b01110000){
0x017D	0x3070      	MOVLW      112
0x017E	0x0506      	ANDWF      PORTB, 0
0x017F	0x00F1      	MOVWF      R1
0x0180	0x0871      	MOVF       R1, 0
0x0181	0x3A70      	XORLW      112
0x0182	0x1D03      	BTFSS      STATUS, 2
0x0183	0x2992      	GOTO       L_main21
;AndonP5.c,93 :: 		LED_verde = ~LED_verde;
0x0184	0x3080      	MOVLW      128
0x0185	0x0686      	XORWF      RB7_bit, 1
;AndonP5.c,94 :: 		if(!LED_verde){
0x0186	0x1B86      	BTFSC      RB7_bit, BitPos(RB7_bit+0)
0x0187	0x2991      	GOTO       L_main22
;AndonP5.c,95 :: 		mp3_play_x(4);
0x0188	0x3004      	MOVLW      4
0x0189	0x00A7      	MOVWF      FARG_mp3_play_x_cancion
0x018A	0x3000      	MOVLW      0
0x018B	0x00A8      	MOVWF      FARG_mp3_play_x_cancion+1
0x018C	0x2083      	CALL       _mp3_play_x
;AndonP5.c,96 :: 		mp3_single_repeat(0);
0x018D	0x01A7      	CLRF       FARG_mp3_single_repeat_status
0x018E	0x01A8      	CLRF       FARG_mp3_single_repeat_status+1
0x018F	0x208E      	CALL       _mp3_single_repeat
;AndonP5.c,97 :: 		}
0x0190	0x2992      	GOTO       L_main23
L_main22:
;AndonP5.c,99 :: 		mp3_stop();
0x0191	0x20DE      	CALL       _mp3_stop
L_main23:
;AndonP5.c,100 :: 		}
L_main21:
;AndonP5.c,101 :: 		while(BTN_verde == 0);
L_main24:
0x0192	0x1986      	BTFSC      RB3_bit, BitPos(RB3_bit+0)
0x0193	0x2995      	GOTO       L_main25
0x0194	0x2992      	GOTO       L_main24
L_main25:
;AndonP5.c,102 :: 		}
L_main20:
;AndonP5.c,106 :: 		}
0x0195	0x290A      	GOTO       L_main0
;AndonP5.c,107 :: 		}
L_end_main:
0x0196	0x2996      	GOTO       $+0
; end of _main
0x019E	0x3020      	MOVLW      32
0x019F	0x0084      	MOVWF      FSR
0x01A0	0x3002      	MOVLW      2
0x01A1	0x1283      	BCF        STATUS, 5
0x01A2	0x1303      	BCF        STATUS, 6
0x01A3	0x00F0      	MOVWF      R0
0x01A4	0x309C      	MOVLW      156
0x01A5	0x00A5      	MOVWF      ___DoICPAddr
0x01A6	0x3001      	MOVLW      1
0x01A7	0x00A6      	MOVWF      38
0x01A8	0x2099      	CALL       153
0x01A9	0x0008      	RETURN
;mp3_chino.c,0 :: ?ICS_parametro
0x019C	0x3400 ;?ICS_parametro+0
0x019D	0x3400 ;?ICS_parametro+1
; end of ?ICS_parametro
Symbol List:
//** Routines locations **
//ADDRESS    SIZE    PROCEDURE
//----------------------------------------------
0x0003      [10]    _UART1_Write
0x000D      [32]    _calcula_checksum
0x002D       [9]    _Delay_500us
0x0036      [16]    _UART1_Init
0x0046      [44]    _manda_mp3
0x0072       [7]    _____DoICP
0x0079      [10]    _mp3_volumen_x
0x0083      [11]    _mp3_play_x
0x008E      [11]    _mp3_single_repeat
0x0099      [12]    ___CC2DW
0x00A5      [57]    _Button
0x00DE       [7]    _mp3_stop
0x00E5      [21]    _init_mp3
0x00FA     [156]    _main
//** Variables locations ** 
//ADDRESS    SIZE    VARIABLE
//----------------------------------------------
0x0000       [1]    INDF
0x0002       [1]    PCL
0x0003       [1]    STATUS
0x0004       [1]    FSR
0x0006       [0]    RB1_bit
0x0006       [0]    RB2_bit
0x0006       [1]    PORTB
0x0006       [0]    RB0_bit
0x0006       [0]    RB3_bit
0x0006       [0]    RB6_bit
0x0006       [0]    RB5_bit
0x0006       [0]    RB4_bit
0x0006       [0]    RB7_bit
0x000A       [1]    PCLATH
0x000C       [1]    PIR1
0x0018       [1]    RCSTA
0x0019       [1]    TXREG
0x001A       [1]    RCREG
0x0020       [2]    _parametro
0x0022       [2]    _checksum
0x0024       [1]    _comando
0x0025       [2]    ___DoICPAddr
0x0027       [1]    FARG_Button_port
0x0027       [1]    FARG_mp3_volumen_x_vol
0x0027       [2]    FARG_mp3_play_x_cancion
0x0027       [2]    FARG_mp3_single_repeat_status
0x0028       [1]    FARG_Button_pin
0x0029       [1]    FARG_Button_time_ms
0x002A       [1]    FARG_Button_active_state
0x002B       [1]    Button_pMask_L0
0x002C       [1]    Button_rslt_L0
0x002D       [1]    FARG_UART1_Write_data_
0x0070       [1]    R0
0x0071       [1]    R1
0x0072       [1]    R2
0x0073       [1]    R3
0x0074       [1]    R4
0x0075       [1]    R5
0x0076       [1]    R6
0x0077       [1]    R7
0x0078       [1]    R8
0x0079       [1]    R9
0x007A       [1]    R10
0x007B       [1]    R11
0x007C       [1]    R12
0x007D       [1]    R13
0x007E       [1]    R14
0x007F       [1]    R15
0x0081       [0]    NOT_RBPU_bit
0x0086       [1]    TRISB
0x0087       [0]    TRISC6_bit
0x0087       [0]    TRISC7_bit
0x0098       [1]    TXSTA
0x0099       [1]    SPBRG
//** Constants locations ** 
//ADDRESS    SIZE    CONSTANT
//----------------------------------------------
0x019C       [2]    ?ICS_parametro
//** Label List: ** 
//----------------------------------------------
  L_main0
  L_main1
  L_main2
  L_main3
  L_main4
  L_main5
  L_main6
  L_main7
  L_main8
  L_main9
  L_main10
  L_main11
  L_main12
  L_main13
  L_main14
  L_main15
  L_main16
  L_main17
  L_main18
  L_main19
  L_main20
  L_main21
  L_main22
  L_main23
  L_main24
  L_main25
  L_end_main
  _main
  L_init_mp30
  L_manda_mp31
  L_end_init_mp3
  _init_mp3
  L_end_calcula_checksum
  _calcula_checksum
  L_end_manda_mp3
  _manda_mp3
  L_end_mp3_next
  _mp3_next
  L_end_mp3_previo
  _mp3_previo
  L_end_mp3_play_x
  _mp3_play_x
  L_end_mp3_volumen_sube
  _mp3_volumen_sube
  L_end_mp3_volumen_baja
  _mp3_volumen_baja
  L_end_mp3_volumen_x
  _mp3_volumen_x
  L_end_mp3_ecualizador
  _mp3_ecualizador
  L_end_mp3_single_repeat
  _mp3_single_repeat
  L_end_mp3_fuente
  _mp3_fuente
  L_end_mp3_modo_off
  _mp3_modo_off
  L_end_mp3_modo_normal
  _mp3_modo_normal
  L_end_mp3_modo_reset
  _mp3_modo_reset
  L_end_mp3_modo_play
  _mp3_modo_play
  L_end_mp3_modo_pausa
  _mp3_modo_pausa
  L_end_mp3_suena
  _mp3_suena
  L_end_mp3_volumen_set
  _mp3_volumen_set
  L_end_mp3_repite_ya
  _mp3_repite_ya
  L_end_mp3_stop
  _mp3_stop
  L_end_mp3_q_estado_usb
  _mp3_q_estado_usb
  L_end_mp3_q_estado_sd
  _mp3_q_estado_sd
  L_end_mp3_q_estado_flahs
  _mp3_q_estado_flahs
  L_end_mp3_inicializa
  _mp3_inicializa
  L_end_mp3_retransmite
  _mp3_retransmite
  L_end_mp3_responder
  _mp3_responder
  L_end_mp3_q_estado
  _mp3_q_estado
  L_end_mp3_q_volumen
  _mp3_q_volumen
  L_end_mp3_q_ecualizador
  _mp3_q_ecualizador
  L_end_mp3_q_play_mode
  _mp3_q_play_mode
  L_end_mp3_q_software
  _mp3_q_software
  L_end_mp3_q_sd_filas
  _mp3_q_sd_filas
  L_end_mp3_q_usb_filas
  _mp3_q_usb_filas
  L_end_mp3_q_flahs_filas
  _mp3_q_flahs_filas
  L_end_mp3_q_on
  _mp3_q_on
  L_end_mp3_q_sd_actual
  _mp3_q_sd_actual
  L_end_mp3_q_usb_actual
  _mp3_q_usb_actual
  L_end_mp3_q_flahs_actual
  _mp3_q_flahs_actual
  L_Button0
  L_Button1
  L_Button2
  L_Button3
  L_end_Button
  _Button
  L__Button5
  L__Button6
  L_Delay_10us0
  L_Delay_22us1
  L_Delay_50us2
  L_Delay_80us3
  L_Delay_500us4
  L_Delay_5500us5
  L_Delay_1ms6
  L_Delay_5ms7
  L_Delay_8ms8
  L_Delay_10ms9
  L_Delay_100ms10
  L_Delay_1sec11
  L_boot16_Delay_5ms12
  L_Delay_Cyc13
  L_Delay_Cyc14
  L_VDelay_ms15
  L_VDelay_ms16
  L_VDelay_ms17
  L_VDelay_Advanced_ms18
  L_VDelay_Advanced_ms19
  L_VDelay_Advanced_ms20
  L_end_Get_Fosc_kHz
  _Get_Fosc_kHz
  L_end_Delay_1us
  _Delay_1us
  L_end_Delay_10us
  _Delay_10us
  L_end_Delay_22us
  _Delay_22us
  L_end_Delay_50us
  _Delay_50us
  L_end_Delay_80us
  _Delay_80us
  L_end_Delay_500us
  _Delay_500us
  L_end_Delay_5500us
  _Delay_5500us
  L_end_Delay_1ms
  _Delay_1ms
  L_end_Delay_5ms
  _Delay_5ms
  L_end_Delay_8ms
  _Delay_8ms
  L_end_Delay_10ms
  _Delay_10ms
  L_end_Delay_100ms
  _Delay_100ms
  L_end_Delay_1sec
  _Delay_1sec
  L_end_boot16_Delay_5ms
  _boot16_Delay_5ms
  L_end_Delay_Cyc
  _Delay_Cyc
  L_end_VDelay_ms
  _VDelay_ms
  L__VDelay_ms38
  L__VDelay_ms39
  L__VDelay_ms40
  L_end_VDelay_Advanced_ms
  _VDelay_Advanced_ms
  L__VDelay_Advanced_ms42
  L__VDelay_Advanced_ms43
  L__VDelay_Advanced_ms44
  L_loopCA2AWs
  L_CA2AWend
  _CCA2AW_Loop1
  L_loopCS2Ss
  L_CS2Send
  _CCS2S_Loop1
  L_CCS2Send
  L_loopFZinSWs
  L_FZinSend
  _CC2D_Loop1
  L_end_____DoICP
  _____DoICP
  L_end_____DoIFC
  _____DoIFC
  L_end___CA2AW
  ___CA2AW
  L_end___CCA2AW
  ___CCA2AW
  L_end___CS2S
  ___CS2S
  L_end___CCS2S
  ___CCS2S
  L_end___FZinS
  ___FZinS
  L_end___CC2DW
  ___CC2DW
  L_end_Swap
  _Swap
  L_UART1_Init0
  L_UART1_Init1
  L_UART1_Read2
  L_UART1_Write3
  L_UART1_Write4
  L_UART1_Write_Text5
  L_UART1_Write_Text6
  L_UART1_Read_Text7
  L_UART1_Read_Text8
  L_UART1_Read_Text9
  L_UART1_Read_Text10
  L_UART1_Read_Text11
  L_UART1_Read_Text12
  L_UART1_Read_Text13
  L_UART1_Read_Text14
  L_UART1_Read_Text15
  L_end_UART1_Init
  _UART1_Init
  L_end_UART1_Data_Ready
  _UART1_Data_Ready
  L_end_UART1_Read
  _UART1_Read
  L_end_UART1_Tx_Idle
  _UART1_Tx_Idle
  L_end_UART1_Write
  _UART1_Write
  L_end_UART1_Write_Text
  _UART1_Write_Text
  L_end_UART1_Read_Text
  _UART1_Read_Text
