;  LST file generated by mikroListExporter - v.2.0 
; Date/Time: 03/03/2023 03:57:04 a. m.
;----------------------------------------------

;Address Opcode 	ASM
0x0000	0x2858      	GOTO       88
_____DoICP:
;__Lib_System.c,6 :: 		
;__Lib_System.c,9 :: 		
0x0003	0x1283      	BCF        STATUS, 5
0x0004	0x1303      	BCF        STATUS, 6
0x0005	0x0821      	MOVF       ___DoICPAddr+1, 0
0x0006	0x008A      	MOVWF      PCLATH
;__Lib_System.c,10 :: 		
0x0007	0x0820      	MOVF       ___DoICPAddr, 0
0x0008	0x0082      	MOVWF      PCL
;__Lib_System.c,12 :: 		
L_end_____DoICP:
0x0009	0x0008      	RETURN
; end of _____DoICP
_Delay_500us:
;__Lib_Delays.c,27 :: 		void Delay_500us() {
;__Lib_Delays.c,28 :: 		Delay_us(498);
0x000A	0x30A5      	MOVLW      165
0x000B	0x1283      	BCF        STATUS, 5
0x000C	0x1303      	BCF        STATUS, 6
0x000D	0x00FD      	MOVWF      R13
L_Delay_500us4:
0x000E	0x0BFD      	DECFSZ     R13, 1
0x000F	0x280E      	GOTO       L_Delay_500us4
0x0010	0x0000      	NOP
0x0011	0x0000      	NOP
;__Lib_Delays.c,29 :: 		}
L_end_Delay_500us:
0x0012	0x0008      	RETURN
; end of _Delay_500us
_Button:
;__Lib_Button.c,6 :: 		
;__Lib_Button.c,8 :: 		
0x0013	0x1283      	BCF        STATUS, 5
0x0014	0x1303      	BCF        STATUS, 6
0x0015	0x01A7      	CLRF       Button_rslt_L0
;__Lib_Button.c,11 :: 		
0x0016	0x0823      	MOVF       FARG_Button_pin, 0
0x0017	0x00F1      	MOVWF      R1
0x0018	0x3001      	MOVLW      1
0x0019	0x00F0      	MOVWF      R0
0x001A	0x0871      	MOVF       R1, 0
L__Button5:
0x001B	0x1903      	BTFSC      STATUS, 2
0x001C	0x2821      	GOTO       L__Button6
0x001D	0x0DF0      	RLF        R0, 1
0x001E	0x1070      	BCF        R0, 0
0x001F	0x3EFF      	ADDLW      255
0x0020	0x281B      	GOTO       L__Button5
L__Button6:
0x0021	0x0870      	MOVF       R0, 0
0x0022	0x00A6      	MOVWF      Button_pMask_L0
;__Lib_Button.c,13 :: 		
0x0023	0x0822      	MOVF       FARG_Button_port, 0
0x0024	0x0084      	MOVWF      FSR
0x0025	0x0870      	MOVF       R0, 0
0x0026	0x0500      	ANDWF      INDF, 0
0x0027	0x00F1      	MOVWF      R1
0x0028	0x0871      	MOVF       R1, 0
0x0029	0x3001      	MOVLW      1
0x002A	0x1D03      	BTFSS      STATUS, 2
0x002B	0x3000      	MOVLW      0
0x002C	0x00F0      	MOVWF      R0
0x002D	0x0825      	MOVF       FARG_Button_active_state, 0
0x002E	0x06F0      	XORWF      R0, 1
0x002F	0x1903      	BTFSC      STATUS, 2
0x0030	0x2849      	GOTO       L_Button0
;__Lib_Button.c,15 :: 		
L_Button1:
0x0031	0x0824      	MOVF       FARG_Button_time_ms, 0
0x0032	0x3C00      	SUBLW      0
0x0033	0x1803      	BTFSC      STATUS, 0
0x0034	0x2839      	GOTO       L_Button2
;__Lib_Button.c,16 :: 		
0x0035	0x200A      	CALL       _Delay_500us
;__Lib_Button.c,17 :: 		
0x0036	0x200A      	CALL       _Delay_500us
;__Lib_Button.c,18 :: 		
0x0037	0x03A4      	DECF       FARG_Button_time_ms, 1
;__Lib_Button.c,19 :: 		
0x0038	0x2831      	GOTO       L_Button1
L_Button2:
;__Lib_Button.c,21 :: 		
0x0039	0x0822      	MOVF       FARG_Button_port, 0
0x003A	0x0084      	MOVWF      FSR
0x003B	0x0826      	MOVF       Button_pMask_L0, 0
0x003C	0x0500      	ANDWF      INDF, 0
0x003D	0x00F1      	MOVWF      R1
0x003E	0x0871      	MOVF       R1, 0
0x003F	0x3001      	MOVLW      1
0x0040	0x1D03      	BTFSS      STATUS, 2
0x0041	0x3000      	MOVLW      0
0x0042	0x00F0      	MOVWF      R0
0x0043	0x0825      	MOVF       FARG_Button_active_state, 0
0x0044	0x06F0      	XORWF      R0, 1
0x0045	0x1903      	BTFSC      STATUS, 2
0x0046	0x2849      	GOTO       L_Button3
;__Lib_Button.c,22 :: 		
0x0047	0x30FF      	MOVLW      255
0x0048	0x00A7      	MOVWF      Button_rslt_L0
L_Button3:
;__Lib_Button.c,23 :: 		
L_Button0:
;__Lib_Button.c,25 :: 		
0x0049	0x0827      	MOVF       Button_rslt_L0, 0
0x004A	0x00F0      	MOVWF      R0
;__Lib_Button.c,26 :: 		
L_end_Button:
0x004B	0x0008      	RETURN
; end of _Button
___CC2DW:
;__Lib_System.c,134 :: 		
;__Lib_System.c,137 :: 		
_CC2D_Loop1:
;__Lib_System.c,139 :: 		
0x004C	0x2003      	CALL       _____DoICP
0x004D	0x118A      	BCF        PCLATH, 3
0x004E	0x120A      	BCF        PCLATH, 4
;__Lib_System.c,141 :: 		
0x004F	0x0080      	MOVWF      INDF
;__Lib_System.c,142 :: 		
0x0050	0x0A84      	INCF       FSR, 1
;__Lib_System.c,143 :: 		
0x0051	0x0AA0      	INCF       ___DoICPAddr, 1
;__Lib_System.c,145 :: 		
0x0052	0x1903      	BTFSC      STATUS, 2
;__Lib_System.c,146 :: 		
0x0053	0x0AA1      	INCF       ___DoICPAddr+1, 1
;__Lib_System.c,147 :: 		
0x0054	0x03F0      	DECF       R0, 1
;__Lib_System.c,149 :: 		
0x0055	0x1D03      	BTFSS      STATUS, 2
;__Lib_System.c,150 :: 		
0x0056	0x284C      	GOTO       _CC2D_Loop1
;__Lib_System.c,152 :: 		
L_end___CC2DW:
0x0057	0x0008      	RETURN
; end of ___CC2DW
_main:
;AndonP1.c,17 :: 		void main() {
;AndonP1.c,20 :: 		NOT_RBPU_BIT = 0;
0x0058	0x1683      	BSF        STATUS, 5
0x0059	0x1303      	BCF        STATUS, 6
0x005A	0x1381      	BCF        NOT_RBPU_bit, BitPos(NOT_RBPU_bit+0)
;AndonP1.c,22 :: 		TRISB = 0b00001111;
0x005B	0x300F      	MOVLW      15
0x005C	0x0086      	MOVWF      TRISB
;AndonP1.c,24 :: 		PORTB = 0b00000000;
0x005D	0x1283      	BCF        STATUS, 5
0x005E	0x0186      	CLRF       PORTB
;AndonP1.c,26 :: 		while(1){
L_main0:
;AndonP1.c,29 :: 		if(Button(&PORTB, 0, 5, 0)){
0x005F	0x3006      	MOVLW      PORTB
0x0060	0x00A2      	MOVWF      FARG_Button_port
0x0061	0x01A3      	CLRF       FARG_Button_pin
0x0062	0x3005      	MOVLW      5
0x0063	0x00A4      	MOVWF      FARG_Button_time_ms
0x0064	0x01A5      	CLRF       FARG_Button_active_state
0x0065	0x2013      	CALL       _Button
0x0066	0x0870      	MOVF       R0, 0
0x0067	0x1903      	BTFSC      STATUS, 2
0x0068	0x286E      	GOTO       L_main2
;AndonP1.c,32 :: 		RB4_bit = ~RB4_bit;
0x0069	0x3010      	MOVLW      16
0x006A	0x0686      	XORWF      RB4_bit, 1
;AndonP1.c,35 :: 		while(RB0_bit == 0);
L_main3:
0x006B	0x1806      	BTFSC      RB0_bit, BitPos(RB0_bit+0)
0x006C	0x286E      	GOTO       L_main4
0x006D	0x286B      	GOTO       L_main3
L_main4:
;AndonP1.c,36 :: 		}
L_main2:
;AndonP1.c,37 :: 		if(Button(&PORTB, 1, 5, 0)){
0x006E	0x3006      	MOVLW      PORTB
0x006F	0x00A2      	MOVWF      FARG_Button_port
0x0070	0x3001      	MOVLW      1
0x0071	0x00A3      	MOVWF      FARG_Button_pin
0x0072	0x3005      	MOVLW      5
0x0073	0x00A4      	MOVWF      FARG_Button_time_ms
0x0074	0x01A5      	CLRF       FARG_Button_active_state
0x0075	0x2013      	CALL       _Button
0x0076	0x0870      	MOVF       R0, 0
0x0077	0x1903      	BTFSC      STATUS, 2
0x0078	0x287E      	GOTO       L_main5
;AndonP1.c,38 :: 		RB5_bit = ~RB5_bit;
0x0079	0x3020      	MOVLW      32
0x007A	0x0686      	XORWF      RB5_bit, 1
;AndonP1.c,39 :: 		while(RB1_bit == 0);
L_main6:
0x007B	0x1886      	BTFSC      RB1_bit, BitPos(RB1_bit+0)
0x007C	0x287E      	GOTO       L_main7
0x007D	0x287B      	GOTO       L_main6
L_main7:
;AndonP1.c,40 :: 		}
L_main5:
;AndonP1.c,41 :: 		if(Button(&PORTB, 2, 5, 0)){
0x007E	0x3006      	MOVLW      PORTB
0x007F	0x00A2      	MOVWF      FARG_Button_port
0x0080	0x3002      	MOVLW      2
0x0081	0x00A3      	MOVWF      FARG_Button_pin
0x0082	0x3005      	MOVLW      5
0x0083	0x00A4      	MOVWF      FARG_Button_time_ms
0x0084	0x01A5      	CLRF       FARG_Button_active_state
0x0085	0x2013      	CALL       _Button
0x0086	0x0870      	MOVF       R0, 0
0x0087	0x1903      	BTFSC      STATUS, 2
0x0088	0x288E      	GOTO       L_main8
;AndonP1.c,42 :: 		RB6_bit = ~RB6_bit;
0x0089	0x3040      	MOVLW      64
0x008A	0x0686      	XORWF      RB6_bit, 1
;AndonP1.c,43 :: 		while(RB2_bit == 0);
L_main9:
0x008B	0x1906      	BTFSC      RB2_bit, BitPos(RB2_bit+0)
0x008C	0x288E      	GOTO       L_main10
0x008D	0x288B      	GOTO       L_main9
L_main10:
;AndonP1.c,44 :: 		}
L_main8:
;AndonP1.c,45 :: 		if(Button(&PORTB, 3, 5, 0)){
0x008E	0x3006      	MOVLW      PORTB
0x008F	0x00A2      	MOVWF      FARG_Button_port
0x0090	0x3003      	MOVLW      3
0x0091	0x00A3      	MOVWF      FARG_Button_pin
0x0092	0x3005      	MOVLW      5
0x0093	0x00A4      	MOVWF      FARG_Button_time_ms
0x0094	0x01A5      	CLRF       FARG_Button_active_state
0x0095	0x2013      	CALL       _Button
0x0096	0x0870      	MOVF       R0, 0
0x0097	0x1903      	BTFSC      STATUS, 2
0x0098	0x289E      	GOTO       L_main11
;AndonP1.c,46 :: 		RB7_bit = ~RB7_bit;
0x0099	0x3080      	MOVLW      128
0x009A	0x0686      	XORWF      RB7_bit, 1
;AndonP1.c,47 :: 		while(RB3_bit == 0);
L_main12:
0x009B	0x1986      	BTFSC      RB3_bit, BitPos(RB3_bit+0)
0x009C	0x289E      	GOTO       L_main13
0x009D	0x289B      	GOTO       L_main12
L_main13:
;AndonP1.c,48 :: 		}
L_main11:
;AndonP1.c,49 :: 		}
0x009E	0x285F      	GOTO       L_main0
;AndonP1.c,50 :: 		}
L_end_main:
0x009F	0x289F      	GOTO       $+0
; end of _main
Symbol List:
//** Routines locations **
//ADDRESS    SIZE    PROCEDURE
//----------------------------------------------
0x0003       [7]    _____DoICP
0x000A       [9]    _Delay_500us
0x0013      [57]    _Button
0x004C      [12]    ___CC2DW
0x0058      [72]    _main
//** Variables locations ** 
//ADDRESS    SIZE    VARIABLE
//----------------------------------------------
0x0000       [1]    INDF
0x0002       [1]    PCL
0x0003       [1]    STATUS
0x0004       [1]    FSR
0x0006       [1]    PORTB
0x0006       [0]    RB2_bit
0x0006       [0]    RB3_bit
0x0006       [0]    RB0_bit
0x0006       [0]    RB1_bit
0x0006       [0]    RB6_bit
0x0006       [0]    RB7_bit
0x0006       [0]    RB4_bit
0x0006       [0]    RB5_bit
0x000A       [1]    PCLATH
0x0020       [2]    ___DoICPAddr
0x0022       [1]    FARG_Button_port
0x0023       [1]    FARG_Button_pin
0x0024       [1]    FARG_Button_time_ms
0x0025       [1]    FARG_Button_active_state
0x0026       [1]    Button_pMask_L0
0x0027       [1]    Button_rslt_L0
0x0070       [1]    R0
0x0071       [1]    R1
0x0072       [1]    R2
0x0073       [1]    R3
0x0074       [1]    R4
0x0075       [1]    R5
0x0076       [1]    R6
0x0077       [1]    R7
0x0078       [1]    R8
0x0079       [1]    R9
0x007A       [1]    R10
0x007B       [1]    R11
0x007C       [1]    R12
0x007D       [1]    R13
0x007E       [1]    R14
0x007F       [1]    R15
0x0081       [0]    NOT_RBPU_bit
0x0086       [1]    TRISB
//** Label List: ** 
//----------------------------------------------
  L_main0
  L_main1
  L_main2
  L_main3
  L_main4
  L_main5
  L_main6
  L_main7
  L_main8
  L_main9
  L_main10
  L_main11
  L_main12
  L_main13
  L_end_main
  _main
  L_Button0
  L_Button1
  L_Button2
  L_Button3
  L_end_Button
  _Button
  L__Button5
  L__Button6
  L_Delay_10us0
  L_Delay_22us1
  L_Delay_50us2
  L_Delay_80us3
  L_Delay_500us4
  L_Delay_5500us5
  L_Delay_1ms6
  L_Delay_5ms7
  L_Delay_8ms8
  L_Delay_10ms9
  L_Delay_100ms10
  L_Delay_1sec11
  L_boot16_Delay_5ms12
  L_Delay_Cyc13
  L_Delay_Cyc14
  L_VDelay_ms15
  L_VDelay_ms16
  L_VDelay_ms17
  L_VDelay_Advanced_ms18
  L_VDelay_Advanced_ms19
  L_VDelay_Advanced_ms20
  L_end_Get_Fosc_kHz
  _Get_Fosc_kHz
  L_end_Delay_1us
  _Delay_1us
  L_end_Delay_10us
  _Delay_10us
  L_end_Delay_22us
  _Delay_22us
  L_end_Delay_50us
  _Delay_50us
  L_end_Delay_80us
  _Delay_80us
  L_end_Delay_500us
  _Delay_500us
  L_end_Delay_5500us
  _Delay_5500us
  L_end_Delay_1ms
  _Delay_1ms
  L_end_Delay_5ms
  _Delay_5ms
  L_end_Delay_8ms
  _Delay_8ms
  L_end_Delay_10ms
  _Delay_10ms
  L_end_Delay_100ms
  _Delay_100ms
  L_end_Delay_1sec
  _Delay_1sec
  L_end_boot16_Delay_5ms
  _boot16_Delay_5ms
  L_end_Delay_Cyc
  _Delay_Cyc
  L_end_VDelay_ms
  _VDelay_ms
  L__VDelay_ms38
  L__VDelay_ms39
  L__VDelay_ms40
  L_end_VDelay_Advanced_ms
  _VDelay_Advanced_ms
  L__VDelay_Advanced_ms42
  L__VDelay_Advanced_ms43
  L__VDelay_Advanced_ms44
  L_loopCA2AWs
  L_CA2AWend
  _CCA2AW_Loop1
  L_loopCS2Ss
  L_CS2Send
  _CCS2S_Loop1
  L_CCS2Send
  L_loopFZinSWs
  L_FZinSend
  _CC2D_Loop1
  L_end_____DoICP
  _____DoICP
  L_end_____DoIFC
  _____DoIFC
  L_end___CA2AW
  ___CA2AW
  L_end___CCA2AW
  ___CCA2AW
  L_end___CS2S
  ___CS2S
  L_end___CCS2S
  ___CCS2S
  L_end___FZinS
  ___FZinS
  L_end___CC2DW
  ___CC2DW
  L_end_Swap
  _Swap
