0	1	mikroCPIC1618.exe -MSF -DBG -pP16F877A -DL -O11111114 -fo4 -N"C:\Users\bloat\Documents\Andon\AndonP8\AndonP8.mcppi" -SP"C:\Users\Public\Documents\Mikroelektronika\mikroC PRO for PIC\defs\" -SP"C:\Users\Public\Documents\Mikroelektronika\mikroC PRO for PIC\Uses\P16\" -SP"C:\Users\bloat\Documents\Andon\AndonP8\" -IP"C:\Users\bloat\Documents\Andon\AndonP8\" "AndonP8.c" "mp3_chino.c" "__Lib_Math.mcl" "__Lib_MathDouble.mcl" "__Lib_System.mcl" "__Lib_Delays.mcl" "__Lib_CType.mcl" "__Lib_CString.mcl" "__Lib_CStdlib.mcl" "__Lib_CMath.mcl" "__Lib_MemManager.mcl" "__Lib_Conversions.mcl" "__Lib_Sprinti.mcl" "__Lib_Sprintl.mcl" "__Lib_Time.mcl" "__Lib_Trigonometry.mcl" "__Lib_Button.mcl" "__Lib_Keypad4x4.mcl" "__Lib_Manchester.mcl" "__Lib_OneWire.mcl" "__Lib_PS2.mcl" "__Lib_Sound.mcl" "__Lib_SoftI2C.mcl" "__Lib_SoftSPI.mcl" "__Lib_SoftUART.mcl" "__Lib_ADC_A_C.mcl" "__Lib_EEPROM.mcl" "__Lib_FLASH_RW.mcl" "__Lib_I2C_c34.mcl" "__Lib_PWM_c21.mcl" "__Lib_SPI_c345.mcl" "__Lib_UART_c67.mcl" "__Lib_PortExpander.mcl" "__Lib_CANSPI.mcl" "__Lib_CF.mcl" "__Lib_GlcdFonts.mcl" "__Lib_Glcd.mcl" "__Lib_LcdConsts.mcl" "__Lib_Lcd.mcl" "__Lib_RS485.mcl" "__Lib_S1D13700.mcl" "__Lib_T6963C.mcl" "__Lib_SPIGlcd.mcl" "__Lib_SPILcd.mcl" "__Lib_SPILcd8.mcl" "__Lib_SPIT6963C.mcl" "__Lib_EthEnc28j60.mcl" "__Lib_EthEnc24j600.mcl" "__Lib_TouchPanel.mcl"	 
hint: 0	1139	Available RAM: 352 [bytes], Available ROM: 8192 [bytes]	 
hint: 5	1354	 warning: "/*" within comment     /* 	C:\Users\bloat\Documents\Andon\AndonP8\AndonP8.c
diagnostics: 0	126	All files Preprocessed in 94 ms	 
hint: 5	1354	 warning: "/*" within comment     /* 	C:\Users\bloat\Documents\Andon\AndonP8\AndonP8.c
diagnostics: 0	122	Compilation Started	mp3_chino.h
warning: 47	1509	Generated baud rate is 9615 bps (error = 0.16 percent)	AndonP8.c
warning: 72	1509	Generated baud rate is 9615 bps (error = 0.16 percent)	AndonP8.c
warning: 87	1509	Generated baud rate is 9615 bps (error = 0.16 percent)	AndonP8.c
warning: 102	1509	Generated baud rate is 9615 bps (error = 0.16 percent)	AndonP8.c
diagnostics: 119	123	Compiled Successfully	AndonP8.c
diagnostics: 0	122	Compilation Started	mp3_chino.c
warning: 77	1509	Generated baud rate is 9615 bps (error = 0.16 percent)	mp3_chino.c
diagnostics: 332	123	Compiled Successfully	mp3_chino.c
diagnostics: 0	127	All files Compiled in 94 ms	 
hint: 0	1144	Used RAM (bytes): 15 (4%)  Free RAM (bytes): 337 (96%)	Used RAM (bytes): 15 (4%)  Free RAM (bytes): 337 (96%)
hint: 0	1144	Used ROM (program words): 449 (5%)  Free ROM (program words): 7743 (95%)	Used ROM (program words): 449 (5%)  Free ROM (program words): 7743 (95%)
diagnostics: 0	125	Project Linked Successfully	AndonP8.mcppi
diagnostics: 0	128	Linked in 78 ms	 
diagnostics: 0	129	Project 'AndonP8.mcppi' completed: 453 ms	 
diagnostics: 0	103	Finished successfully: 11 may. 2023, 04:00:35	AndonP8.mcppi
