;  LST file generated by mikroListExporter - v.2.0 
; Date/Time: 11/02/2023 04:37:47 p. m.
;----------------------------------------------

;Address Opcode 	ASM
0x0000	0xF000EF54  	GOTO        168
0x0004	0x0000      	NOP
0x0006	0x0000      	NOP
0x0008	0xF000EF00  	GOTO        0
0x000C	0x0000      	NOP
0x000E	0x0000      	NOP
0x0010	0x0000      	NOP
0x0012	0x0000      	NOP
0x0014	0x0000      	NOP
0x0016	0x0000      	NOP
0x0018	0xD7F3      	BRA         0
_Delay_500us:
;__Lib_Delays.c,27 :: 		void Delay_500us() {
;__Lib_Delays.c,28 :: 		Delay_us(498);
0x001C	0x0EA5      	MOVLW       165
0x001E	0x6E0D      	MOVWF       R13, 0
L_Delay_500us4:
0x0020	0x2E0D      	DECFSZ      R13, 1, 0
0x0022	0xD7FE      	BRA         L_Delay_500us4
0x0024	0x0000      	NOP
0x0026	0x0000      	NOP
;__Lib_Delays.c,29 :: 		}
L_end_Delay_500us:
0x0028	0x0012      	RETURN      0
; end of _Delay_500us
___CC2DW:
;__Lib_System.c,21 :: 		
;__Lib_System.c,23 :: 		
_CC2DL_Loop1:
;__Lib_System.c,24 :: 		
0x002A	0x0009      	TBLRD*+
;__Lib_System.c,25 :: 		
0x002C	0xFFE6CFF5  	MOVFF       TABLAT, POSTINC1
;__Lib_System.c,26 :: 		
0x0030	0x0600      	DECF        R0, 1, 0
;__Lib_System.c,27 :: 		
0x0032	0xE1FB      	BNZ         _CC2DL_Loop1
;__Lib_System.c,28 :: 		
0x0034	0x0601      	DECF        R1, 1, 0
;__Lib_System.c,29 :: 		
0x0036	0xE1F9      	BNZ         _CC2DL_Loop1
;__Lib_System.c,31 :: 		
L_end___CC2DW:
0x0038	0x0012      	RETURN      0
; end of ___CC2DW
_Button:
;__Lib_Button.c,6 :: 		
;__Lib_Button.c,8 :: 		
0x003A	0x6A1B      	CLRF        Button_rslt_L0 
;__Lib_Button.c,11 :: 		
0x003C	0xF001C017  	MOVFF       FARG_Button_pin, R1
0x0040	0x0E01      	MOVLW       1
0x0042	0x6E00      	MOVWF       R0 
0x0044	0x5001      	MOVF        R1, 0 
L__Button5:
0x0046	0xE004      	BZ          L__Button6
0x0048	0x3600      	RLCF        R0, 1 
0x004A	0x9000      	BCF         R0, 0 
0x004C	0x0FFF      	ADDLW       255
0x004E	0xD7FB      	BRA         L__Button5
L__Button6:
0x0050	0xF01AC000  	MOVFF       R0, Button_pMask_L0
;__Lib_Button.c,13 :: 		
0x0054	0xFFE9C015  	MOVFF       FARG_Button_port, FSR0L
0x0058	0xFFEAC016  	MOVFF       FARG_Button_port+1, FSR0H
0x005C	0x5000      	MOVF        R0, 0 
0x005E	0x14EE      	ANDWF       POSTINC0, 0 
0x0060	0x6E01      	MOVWF       R1 
0x0062	0x5201      	MOVF        R1, 1 
0x0064	0x0E01      	MOVLW       1
0x0066	0xA4D8      	BTFSS       STATUS, 2 
0x0068	0x0E00      	MOVLW       0
0x006A	0x6E00      	MOVWF       R0 
0x006C	0x5019      	MOVF        FARG_Button_active_state, 0 
0x006E	0x1A00      	XORWF       R0, 1 
0x0070	0xE018      	BZ          L_Button0
;__Lib_Button.c,15 :: 		
L_Button1:
0x0072	0x5018      	MOVF        FARG_Button_time_ms, 0 
0x0074	0x0800      	SUBLW       0
0x0076	0xE204      	BC          L_Button2
;__Lib_Button.c,16 :: 		
0x0078	0xDFD1      	RCALL       _Delay_500us
;__Lib_Button.c,17 :: 		
0x007A	0xDFD0      	RCALL       _Delay_500us
;__Lib_Button.c,18 :: 		
0x007C	0x0618      	DECF        FARG_Button_time_ms, 1 
;__Lib_Button.c,19 :: 		
0x007E	0xD7F9      	BRA         L_Button1
L_Button2:
;__Lib_Button.c,21 :: 		
0x0080	0xFFE9C015  	MOVFF       FARG_Button_port, FSR0L
0x0084	0xFFEAC016  	MOVFF       FARG_Button_port+1, FSR0H
0x0088	0x501A      	MOVF        Button_pMask_L0, 0 
0x008A	0x14EE      	ANDWF       POSTINC0, 0 
0x008C	0x6E01      	MOVWF       R1 
0x008E	0x5201      	MOVF        R1, 1 
0x0090	0x0E01      	MOVLW       1
0x0092	0xA4D8      	BTFSS       STATUS, 2 
0x0094	0x0E00      	MOVLW       0
0x0096	0x6E00      	MOVWF       R0 
0x0098	0x5019      	MOVF        FARG_Button_active_state, 0 
0x009A	0x1A00      	XORWF       R0, 1 
0x009C	0xE002      	BZ          L_Button3
;__Lib_Button.c,22 :: 		
0x009E	0x0EFF      	MOVLW       255
0x00A0	0x6E1B      	MOVWF       Button_rslt_L0 
L_Button3:
;__Lib_Button.c,23 :: 		
L_Button0:
;__Lib_Button.c,25 :: 		
0x00A2	0xF000C01B  	MOVFF       Button_rslt_L0, R0
;__Lib_Button.c,26 :: 		
L_end_Button:
0x00A6	0x0012      	RETURN      0
; end of _Button
_main:
;AndonP2.c,16 :: 		void main() {
;AndonP2.c,17 :: 		NOT_RBPU_BIT = 0;          //Activar pull-up interno después de Power-On Reset
0x00A8	0x9EF1      	BCF         NOT_RBPU_bit, BitPos(NOT_RBPU_bit+0) 
;AndonP2.c,18 :: 		TRISB = 0b00001111;        //Configura entradas en 4 low bits y salidas en 4 high bits
0x00AA	0x0E0F      	MOVLW       15
0x00AC	0x6E93      	MOVWF       TRISB 
;AndonP2.c,19 :: 		PORTB = 0b00000000;        //Salidas en 0 lógico, valor de 4 low bits es indiferente
0x00AE	0x6A81      	CLRF        PORTB 
;AndonP2.c,21 :: 		while(1){
L_main0:
;AndonP2.c,22 :: 		if(Button(&PORTB, 0, 5, 0)){             //Botón presionado con 0 lógico en pin 0 de PORTB
0x00B0	0x0E81      	MOVLW       PORTB
0x00B2	0x6E15      	MOVWF       FARG_Button_port 
0x00B4	0x0E0F      	MOVLW       hi_addr(PORTB)
0x00B6	0x6E16      	MOVWF       FARG_Button_port+1 
0x00B8	0x6A17      	CLRF        FARG_Button_pin 
0x00BA	0x0E05      	MOVLW       5
0x00BC	0x6E18      	MOVWF       FARG_Button_time_ms 
0x00BE	0x6A19      	CLRF        FARG_Button_active_state 
0x00C0	0xDFBC      	RCALL       _Button
0x00C2	0x5200      	MOVF        R0, 1 
0x00C4	0xE004      	BZ          L_main2
;AndonP2.c,23 :: 		RB4_bit = ~RB4_bit;           //Cambia la salida correspondiente
0x00C6	0x7881      	BTG         RB4_bit, BitPos(RB4_bit+0) 
;AndonP2.c,24 :: 		while(RB0_bit == 0);          //No avanza mientras no deje de presionarse el botón
L_main3:
0x00C8	0xB081      	BTFSC       RB0_bit, BitPos(RB0_bit+0) 
0x00CA	0xD001      	BRA         L_main4
0x00CC	0xD7FD      	BRA         L_main3
L_main4:
;AndonP2.c,25 :: 		}
L_main2:
;AndonP2.c,26 :: 		if(Button(&PORTB, 1, 5, 0)){
0x00CE	0x0E81      	MOVLW       PORTB
0x00D0	0x6E15      	MOVWF       FARG_Button_port 
0x00D2	0x0E0F      	MOVLW       hi_addr(PORTB)
0x00D4	0x6E16      	MOVWF       FARG_Button_port+1 
0x00D6	0x0E01      	MOVLW       1
0x00D8	0x6E17      	MOVWF       FARG_Button_pin 
0x00DA	0x0E05      	MOVLW       5
0x00DC	0x6E18      	MOVWF       FARG_Button_time_ms 
0x00DE	0x6A19      	CLRF        FARG_Button_active_state 
0x00E0	0xDFAC      	RCALL       _Button
0x00E2	0x5200      	MOVF        R0, 1 
0x00E4	0xE004      	BZ          L_main5
;AndonP2.c,27 :: 		RB5_bit = ~RB5_bit;
0x00E6	0x7A81      	BTG         RB5_bit, BitPos(RB5_bit+0) 
;AndonP2.c,28 :: 		while(RB1_bit == 0);
L_main6:
0x00E8	0xB281      	BTFSC       RB1_bit, BitPos(RB1_bit+0) 
0x00EA	0xD001      	BRA         L_main7
0x00EC	0xD7FD      	BRA         L_main6
L_main7:
;AndonP2.c,29 :: 		}
L_main5:
;AndonP2.c,30 :: 		if(Button(&PORTB, 2, 5, 0)){
0x00EE	0x0E81      	MOVLW       PORTB
0x00F0	0x6E15      	MOVWF       FARG_Button_port 
0x00F2	0x0E0F      	MOVLW       hi_addr(PORTB)
0x00F4	0x6E16      	MOVWF       FARG_Button_port+1 
0x00F6	0x0E02      	MOVLW       2
0x00F8	0x6E17      	MOVWF       FARG_Button_pin 
0x00FA	0x0E05      	MOVLW       5
0x00FC	0x6E18      	MOVWF       FARG_Button_time_ms 
0x00FE	0x6A19      	CLRF        FARG_Button_active_state 
0x0100	0xDF9C      	RCALL       _Button
0x0102	0x5200      	MOVF        R0, 1 
0x0104	0xE004      	BZ          L_main8
;AndonP2.c,31 :: 		RB6_bit = ~RB6_bit;
0x0106	0x7C81      	BTG         RB6_bit, BitPos(RB6_bit+0) 
;AndonP2.c,32 :: 		while(RB2_bit == 0);
L_main9:
0x0108	0xB481      	BTFSC       RB2_bit, BitPos(RB2_bit+0) 
0x010A	0xD001      	BRA         L_main10
0x010C	0xD7FD      	BRA         L_main9
L_main10:
;AndonP2.c,33 :: 		}
L_main8:
;AndonP2.c,34 :: 		if(Button(&PORTB, 3, 5, 0)){
0x010E	0x0E81      	MOVLW       PORTB
0x0110	0x6E15      	MOVWF       FARG_Button_port 
0x0112	0x0E0F      	MOVLW       hi_addr(PORTB)
0x0114	0x6E16      	MOVWF       FARG_Button_port+1 
0x0116	0x0E03      	MOVLW       3
0x0118	0x6E17      	MOVWF       FARG_Button_pin 
0x011A	0x0E05      	MOVLW       5
0x011C	0x6E18      	MOVWF       FARG_Button_time_ms 
0x011E	0x6A19      	CLRF        FARG_Button_active_state 
0x0120	0xDF8C      	RCALL       _Button
0x0122	0x5200      	MOVF        R0, 1 
0x0124	0xE004      	BZ          L_main11
;AndonP2.c,35 :: 		RB7_bit = ~RB7_bit;
0x0126	0x7E81      	BTG         RB7_bit, BitPos(RB7_bit+0) 
;AndonP2.c,36 :: 		while(RB3_bit == 0);
L_main12:
0x0128	0xB681      	BTFSC       RB3_bit, BitPos(RB3_bit+0) 
0x012A	0xD001      	BRA         L_main13
0x012C	0xD7FD      	BRA         L_main12
L_main13:
;AndonP2.c,37 :: 		}
L_main11:
;AndonP2.c,38 :: 		}
0x012E	0xD7C0      	BRA         L_main0
;AndonP2.c,39 :: 		}
L_end_main:
0x0130	0xD7FF      	BRA         $+0
; end of _main
Symbol List:
//** Routines locations **
//ADDRESS    SIZE    PROCEDURE
//----------------------------------------------
0x001C      [14]    _Delay_500us
0x002A      [16]    ___CC2DW
0x003A     [110]    _Button
0x00A8     [138]    _main
//** Variables locations ** 
//ADDRESS    SIZE    VARIABLE
//----------------------------------------------
0x0000       [1]    EEPROM_Write_SaveINTCON_L0
0x0000       [1]    SPI1_Write_tmp_L0
0x0000       [1]    __Lib_SoftI2C_PutZerosToLATSda_temp_sda_L0
0x0000       [1]    FLASH_Erase_64_SaveINTCON_L0
0x0000       [1]    __Lib_SoftI2C_PutZerosToLATScl_temp_scl_L0
0x0000       [1]    UART1_Init_tmp_L0
0x0000       [1]    R0
0x0001       [1]    __Lib_TFT_16bit_JPEG_FileReadBytes_Result_L0
0x0001       [1]    __Lib_PS2_Wait_Falling_nsample_L0
0x0001       [1]    UART1_Read___tmp_UART1_Read_L0
0x0001       [2]    FLASH_Read_N_Bytes_i_L0
0x0001       [1]    ispunct_rslt_L0
0x0001       [1]    __Lib_TFT_JPEG_FileRead_i_L0
0x0001       [1]    FLASH_Write_32_i_L0
0x0001       [1]    FLASH_Erase_Write_64_i_L0
0x0001       [1]    __Lib_TFT_JPEG_FileReadBytes_Result_L0
0x0001       [1]    __Lib_TFT_16bit_JPEG_FileRead_i_L0
0x0001       [1]    I2C1_Rd_tmp_L0
0x0001       [1]    R1
0x0002       [1]    FLASH_Erase_Write_64_j_L0
0x0002       [2]    memchr_s_L0
0x0002       [2]    memset_pp_L0
0x0002       [1]    FLASH_Write_32_SaveINTCON_L0
0x0002       [1]    R2
0x0002       [2]    strlen_cp_L0
0x0002       [2]    __Lib_USB_genHID_memset_usb_int_pp_L0
0x0002       [2]    memcpy_dd_L0
0x0002       [2]    __Lib_USB_genHID_memset_usb_pp_L0
0x0002       [1]    __Lib_USB_genHID_USB_CtrlTrf_Rx_Service_byteToRead_L0
0x0003       [2]    Ltrim_original_L0
0x0003       [1]    FLASH_Erase_Write_64_SaveINTCON_L0
0x0003       [2]    memmove_tt_L0
0x0003       [2]    __Lib_USB_genHID_USB_CtrlTrf_Tx_Service_byteToSend_L0
0x0003       [1]    __Lib_USB_genHID_USB_CtrlTrf_Rx_Service_i_L0
0x0003       [1]    MM_Init_i_L0
0x0003       [2]    MM_TotalFreeMemSize_Tot_L0
0x0003       [1]    R3
0x0003       [2]    __Lib_MmcFat16_f16_toInt_l_L0
0x0004       [1]    __Lib_USB_genHID_GetMaxIndexInDevDsc_index_L0
0x0004       [1]    R4
0x0004       [2]    __Lib_USB_genHID_USB_Transfer_Packet_Int_handle_L0
0x0004       [2]    __Lib_USB_genHID_USB_Transfer_Packet_handle_L0
0x0004       [2]    __Lib_MemManager_MM_GetMemAlign_P_L0
0x0004       [2]    strncat_cp_L0
0x0004       [2]    memcpy_ss_L0
0x0004       [2]    strcat_cp_L0
0x0004       [2]    frexp_pom_L0
0x0004       [2]    strcpy_cp_L0
0x0004       [2]    __Lib_USB_genHID_USB_Std_Feature_Req_Handler_p_L0
0x0004       [2]    __Lib_USB_genHID_USB_Get_Status_Handler_p_L2
0x0004       [2]    strncpy_cp_L0
0x0005       [2]    LongIntToHex_input_half_L0
0x0005       [2]    LongWordToHex_input_half_L0
0x0005       [1]    R5
0x0005       [2]    __Lib_USB_genHID_USB_Configure_Endpoint_handle_L0
0x0005       [2]    Ltrim_p_L0
0x0005       [2]    memmove_ff_L0
0x0005       [1]    MM_TotalFreeMemSize_i_L0
0x0006       [1]    __Lib_MemManager_MM_GetMemAlign_i_L0
0x0006       [2]    __Lib_USB_genHID_GetMaxIndexInConfigDsc_totalLen_L0
0x0006       [1]    R6
0x0007       [1]    __Lib_TFT_JPEG_GenerateHuffmanTables_bLength_L0
0x0007       [1]    R7
0x0007       [1]    __Lib_TFT_16bit_JPEG_GenerateHuffmanTables_bLength_L0
0x0008       [1]    __Lib_TFT_16bit_JPEG_GenerateHuffmanTables_bTable_L0
0x0008       [1]    R8
0x0008       [1]    __Lib_TFT_JPEG_GenerateHuffmanTables_bTable_L0
0x0008       [3]    __Lib_USB_genHID_GetMaxIndexInConfigDsc_ptr_L0
0x0009       [1]    R9
0x0009       [4]    __Lib_MmcFat16_f16_toLong_l_L0
0x000A       [1]    R10
0x000B       [1]    R11
0x000C       [1]    R12
0x000D       [1]    R13
0x000E       [1]    R14
0x000F       [1]    R15
0x0010       [1]    R16
0x0011       [1]    R17
0x0012       [1]    R18
0x0013       [1]    R19
0x0014       [1]    R20
0x0015       [2]    FARG_Button_port
0x0017       [1]    FARG_Button_pin
0x0018       [1]    FARG_Button_time_ms
0x0019       [1]    FARG_Button_active_state
0x001A       [1]    Button_pMask_L0
0x001B       [1]    Button_rslt_L0
0x0F81       [1]    PORTB
0x0F81       [0]    RB0_bit
0x0F81       [0]    RB5_bit
0x0F81       [0]    RB4_bit
0x0F81       [0]    RB7_bit
0x0F81       [0]    RB6_bit
0x0F81       [0]    RB2_bit
0x0F81       [0]    RB1_bit
0x0F81       [0]    RB3_bit
0x0F93       [1]    TRISB
0x0FD8       [1]    STATUS
0x0FD9       [1]    FSR2L
0x0FDA       [1]    FSR2H
0x0FDE       [1]    POSTINC2
0x0FE0       [1]    BSR
0x0FE1       [1]    FSR1L
0x0FE2       [1]    FSR1H
0x0FE4       [1]    PREINC1
0x0FE6       [1]    POSTINC1
0x0FE7       [1]    INDF1
0x0FE8       [1]    WREG
0x0FE9       [1]    FSR0L
0x0FEA       [1]    FSR0H
0x0FEE       [1]    POSTINC0
0x0FF1       [0]    NOT_RBPU_bit
0x0FF3       [1]    PRODL
0x0FF4       [1]    PRODH
0x0FF5       [1]    TABLAT
0x0FF6       [1]    TBLPTRL
0x0FF7       [1]    TBLPTRH
0x0FF8       [1]    TBLPTRU
//** Label List: ** 
//----------------------------------------------
  L_main0
  L_main1
  L_main2
  L_main3
  L_main4
  L_main5
  L_main6
  L_main7
  L_main8
  L_main9
  L_main10
  L_main11
  L_main12
  L_main13
  L_end_main
  _main
  L_Button0
  L_Button1
  L_Button2
  L_Button3
  L_end_Button
  _Button
  L__Button5
  L__Button6
  L_Delay_10us0
  L_Delay_22us1
  L_Delay_50us2
  L_Delay_80us3
  L_Delay_500us4
  L_Delay_5500us5
  L_Delay_1ms6
  L_Delay_5ms7
  L_Delay_8ms8
  L_Delay_100ms9
  L_Delay_10ms10
  L_Delay_1sec11
  L____Boot_Delay4k12
  L____Boot_Delay8k13
  L____Boot_Delay12k14
  L____Boot_Delay16k15
  L____Boot_Delay24k16
  L____Boot_Delay32k17
  L____Boot_Delay48k18
  L____Boot_Delay64k19
  L____Boot_Delay128k20
  L_Delay_Cyc21
  L_Delay_Cyc22
  L_VDelay_ms23
  L_VDelay_ms24
  L_VDelay_ms25
  L_VDelay_Advanced_ms26
  L_VDelay_Advanced_ms27
  L_VDelay_Advanced_ms28
  L_end_Get_Fosc_kHz
  _Get_Fosc_kHz
  L_end_Delay_1us
  _Delay_1us
  L_end_Delay_10us
  _Delay_10us
  L_end_Delay_22us
  _Delay_22us
  L_end_Delay_50us
  _Delay_50us
  L_end_Delay_80us
  _Delay_80us
  L_end_Delay_500us
  _Delay_500us
  L_end_Delay_5500us
  _Delay_5500us
  L_end_Delay_1ms
  _Delay_1ms
  L_end_Delay_5ms
  _Delay_5ms
  L_end_Delay_8ms
  _Delay_8ms
  L_end_Delay_100ms
  _Delay_100ms
  L_end_Delay_10ms
  _Delay_10ms
  L_end_Delay_1sec
  _Delay_1sec
  L_end____Boot_Delay4k
  ____Boot_Delay4k
  L_end____Boot_Delay8k
  ____Boot_Delay8k
  L_end____Boot_Delay12k
  ____Boot_Delay12k
  L_end____Boot_Delay16k
  ____Boot_Delay16k
  L_end____Boot_Delay24k
  ____Boot_Delay24k
  L_end____Boot_Delay32k
  ____Boot_Delay32k
  L_end____Boot_Delay48k
  ____Boot_Delay48k
  L_end____Boot_Delay64k
  ____Boot_Delay64k
  L_end____Boot_Delay128k
  ____Boot_Delay128k
  L_end_Delay_Cyc
  _Delay_Cyc
  L_end_VDelay_ms
  _VDelay_ms
  L__VDelay_ms54
  L__VDelay_ms55
  L__VDelay_ms56
  L_end_VDelay_Advanced_ms
  _VDelay_Advanced_ms
  L__VDelay_Advanced_ms58
  L__VDelay_Advanced_ms59
  L__VDelay_Advanced_ms60
  _CC2D_Loop1
  _CC2DL_Loop1
  L_loopCA2AWs
  L_loopCCA2AWs
  L_loopCS2Ss
  L_CS2Send
  L_loopCCS2Ss
  L_CCS2Send
  L_loopFZinSWs
  L_longjmp7
  L_end___CC2D
  ___CC2D
  L_end___CC2DW
  ___CC2DW
  L_end___CA2AW
  ___CA2AW
  L_end___CCA2AW
  ___CCA2AW
  L_end___CS2S
  ___CS2S
  L_end___CCS2S
  ___CCS2S
  L_end___FZinS
  ___FZinS
  L_end_____DoIFC
  _____DoIFC
  L_end_Swap
  _Swap
  L_end_setjmp
  _setjmp
  L_end_longjmp
  _longjmp
